EDA Netlist Writer report for IntegratorCLPD
Sun Oct 11 00:15:54 2015
Quartus II 64-Bit Version 14.1.0 Build 186 12/03/2014 SJ Web Edition


---------------------
; Table of Contents ;
---------------------
  1. Legal Notice
  2. EDA Netlist Writer Summary
  3. Simulation Settings
  4. Simulation Generated Files
  5. Board-Level Settings
  6. Board-Level Generated Files
  7. EDA Netlist Writer Messages



----------------
; Legal Notice ;
----------------
Copyright (C) 1991-2014 Altera Corporation. All rights reserved.
Your use of Altera Corporation's design tools, logic functions 
and other software and tools, and its AMPP partner logic 
functions, and any output files from any of the foregoing 
(including device programming or simulation files), and any 
associated documentation or information are expressly subject 
to the terms and conditions of the Altera Program License 
Subscription Agreement, the Altera Quartus II License Agreement,
the Altera MegaCore Function License Agreement, or other 
applicable license agreement, including, without limitation, 
that your use is for the sole purpose of programming logic 
devices manufactured by Altera and sold by Altera or its 
authorized distributors.  Please refer to the applicable 
agreement for further details.



+------------------------------------------------------------------------------+
; EDA Netlist Writer Summary                                                   ;
+--------------------------------------+---------------------------------------+
; EDA Netlist Writer Status            ; Successful - Sun Oct 11 00:15:54 2015 ;
; Revision Name                        ; IntegratorCLPD                        ;
; Top-level Entity Name                ; IntegratorCLPD                        ;
; Family                               ; MAX V                                 ;
; Simulation Files Creation            ; Successful                            ;
; Board Timing Analysis Files Creation ; Successful                            ;
+--------------------------------------+---------------------------------------+


+---------------------------------------------------------------------------------------------------------------------+
; Simulation Settings                                                                                                 ;
+---------------------------------------------------------------------------------------------------+-----------------+
; Option                                                                                            ; Setting         ;
+---------------------------------------------------------------------------------------------------+-----------------+
; Tool Name                                                                                         ; ModelSim (VHDL) ;
; Generate netlist for functional simulation only                                                   ; Off             ;
; Time scale                                                                                        ; 1 ps            ;
; Truncate long hierarchy paths                                                                     ; Off             ;
; Map illegal HDL characters                                                                        ; Off             ;
; Flatten buses into individual nodes                                                               ; Off             ;
; Maintain hierarchy                                                                                ; Off             ;
; Bring out device-wide set/reset signals as ports                                                  ; Off             ;
; Enable glitch filtering                                                                           ; Off             ;
; Do not write top level VHDL entity                                                                ; Off             ;
; Disable detection of setup and hold time violations in the input registers of bi-directional pins ; Off             ;
; Architecture name in VHDL output netlist                                                          ; structure       ;
; Generate third-party EDA tool command script for RTL functional simulation                        ; Off             ;
; Generate third-party EDA tool command script for gate-level simulation                            ; Off             ;
+---------------------------------------------------------------------------------------------------+-----------------+


+------------------------------------------------------------------------------------------------+
; Simulation Generated Files                                                                     ;
+------------------------------------------------------------------------------------------------+
; Generated Files                                                                                ;
+------------------------------------------------------------------------------------------------+
; C:/Users/Owner/Documents/APC/BackEnd/IntegratorCLPD/simulation/modelsim/IntegratorCLPD.vho     ;
; C:/Users/Owner/Documents/APC/BackEnd/IntegratorCLPD/simulation/modelsim/IntegratorCLPD_vhd.sdo ;
+------------------------------------------------------------------------------------------------+


+----------------------------------------+
; Board-Level Settings                   ;
+------------------------------+---------+
; Option                       ; Setting ;
+------------------------------+---------+
; Board Timing Analysis Format ; STAMP   ;
+------------------------------+---------+


+-------------------------------------------------------------------------------------------------------------------------------------------------------------------------+
; Board-Level Generated Files                                                                                                                                             ;
+-------------------------------------------------------------------------------------------------------------------------------------------------------------------------+
; Generated Files                                                                                                                                                         ;
+-------------------------------------------------------------------------------------------------------------------------------------------------------------------------+
; Board Timing Analysis                                                                                                                                                   ;
;     C:/Users/Owner/Documents/APC/BackEnd/IntegratorCLPD/timing/stamp/C:/Users/Owner/Documents/APC/BackEnd/IntegratorCLPD/timing/stamp//IntegratorCLPD_5_board_slow.mod  ;
;     C:/Users/Owner/Documents/APC/BackEnd/IntegratorCLPD/timing/stamp/C:/Users/Owner/Documents/APC/BackEnd/IntegratorCLPD/timing/stamp//IntegratorCLPD_5_board_slow.data ;
;     C:/Users/Owner/Documents/APC/BackEnd/IntegratorCLPD/timing/stamp/C:/Users/Owner/Documents/APC/BackEnd/IntegratorCLPD/timing/stamp//IntegratorCLPD_board.mod         ;
;     C:/Users/Owner/Documents/APC/BackEnd/IntegratorCLPD/timing/stamp/C:/Users/Owner/Documents/APC/BackEnd/IntegratorCLPD/timing/stamp//IntegratorCLPD_board.data        ;
+-------------------------------------------------------------------------------------------------------------------------------------------------------------------------+


+-----------------------------+
; EDA Netlist Writer Messages ;
+-----------------------------+
Info: *******************************************************************
Info: Running Quartus II 64-Bit EDA Netlist Writer
    Info: Version 14.1.0 Build 186 12/03/2014 SJ Web Edition
    Info: Processing started: Sun Oct 11 00:15:53 2015
Info: Command: quartus_eda --read_settings_files=off --write_settings_files=off IntegratorCLPD -c IntegratorCLPD
Info (204018): Generated files "IntegratorCLPD.vho" and "IntegratorCLPD_vhd.sdo" in directory "C:/Users/Owner/Documents/APC/BackEnd/IntegratorCLPD/simulation/modelsim/" for EDA simulation tool
Info (199047): Generated files "C:/Users/Owner/Documents/APC/BackEnd/IntegratorCLPD/timing/stamp//IntegratorCLPD_5_board_slow.mod" and "C:/Users/Owner/Documents/APC/BackEnd/IntegratorCLPD/timing/stamp//IntegratorCLPD_5_board_slow.data"
Info (199047): Generated files "C:/Users/Owner/Documents/APC/BackEnd/IntegratorCLPD/timing/stamp//IntegratorCLPD_board.mod" and "C:/Users/Owner/Documents/APC/BackEnd/IntegratorCLPD/timing/stamp//IntegratorCLPD_board.data"
Info: Quartus II 64-Bit EDA Netlist Writer was successful. 0 errors, 0 warnings
    Info: Peak virtual memory: 502 megabytes
    Info: Processing ended: Sun Oct 11 00:15:54 2015
    Info: Elapsed time: 00:00:01
    Info: Total CPU time (on all processors): 00:00:01


