Flow report for IntegratorCLPD
Thu Oct 15 17:09:27 2015
Quartus II 64-Bit Version 14.1.0 Build 186 12/03/2014 SJ Web Edition


---------------------
; Table of Contents ;
---------------------
  1. Legal Notice
  2. Flow Summary
  3. Flow Settings
  4. Flow Non-Default Global Settings
  5. Flow Elapsed Time
  6. Flow OS Summary
  7. Flow Log
  8. Flow Messages
  9. Flow Suppressed Messages



----------------
; Legal Notice ;
----------------
Copyright (C) 1991-2014 Altera Corporation. All rights reserved.
Your use of Altera Corporation's design tools, logic functions 
and other software and tools, and its AMPP partner logic 
functions, and any output files from any of the foregoing 
(including device programming or simulation files), and any 
associated documentation or information are expressly subject 
to the terms and conditions of the Altera Program License 
Subscription Agreement, the Altera Quartus II License Agreement,
the Altera MegaCore Function License Agreement, or other 
applicable license agreement, including, without limitation, 
that your use is for the sole purpose of programming logic 
devices manufactured by Altera and sold by Altera or its 
authorized distributors.  Please refer to the applicable 
agreement for further details.



+------------------------------------------------------------------------+
; Flow Summary                                                           ;
+---------------------------+--------------------------------------------+
; Flow Status               ; Analyzed - Thu Oct 15 17:09:27 2015        ;
; Quartus II 64-Bit Version ; 14.1.0 Build 186 12/03/2014 SJ Web Edition ;
; Revision Name             ; IntegratorCLPD                             ;
; Top-level Entity Name     ; IntegratorCLPD                             ;
; Family                    ; MAX V                                      ;
; Device                    ; 5M160ZT100C5                               ;
; Timing Models             ; Final                                      ;
; Total logic elements      ; 147 / 160 ( 92 % )                         ;
; Total pins                ; 36 / 79 ( 46 % )                           ;
; Total virtual pins        ; 0                                          ;
; UFM blocks                ; 0 / 1 ( 0 % )                              ;
+---------------------------+--------------------------------------------+


+-----------------------------------------+
; Flow Settings                           ;
+-------------------+---------------------+
; Option            ; Setting             ;
+-------------------+---------------------+
; Start date & time ; 10/11/2015 00:15:04 ;
; Main task         ; Compilation         ;
; Revision Name     ; IntegratorCLPD      ;
+-------------------+---------------------+


+---------------------------------------------------------------------------------------------------------------------------+
; Flow Non-Default Global Settings                                                                                          ;
+---------------------------------+---------------------------------+---------------+-------------+-------------------------+
; Assignment Name                 ; Value                           ; Default Value ; Entity Name ; Section Id              ;
+---------------------------------+---------------------------------+---------------+-------------+-------------------------+
; COMPILER_SIGNATURE_ID           ; 242620304000498.144454050304880 ; --            ; --          ; --                      ;
; EDA_BOARD_DESIGN_TIMING_TOOL    ; Stamp (Timing)                  ; <None>        ; --          ; --                      ;
; EDA_DESIGN_ENTRY_SYNTHESIS_TOOL ; Synplify                        ; <None>        ; --          ; --                      ;
; EDA_INPUT_DATA_FORMAT           ; Vqm                             ; --            ; --          ; eda_design_synthesis    ;
; EDA_LMF_FILE                    ; synplcty.lmf                    ; --            ; --          ; eda_design_synthesis    ;
; EDA_OUTPUT_DATA_FORMAT          ; Vhdl                            ; --            ; --          ; eda_simulation          ;
; EDA_OUTPUT_DATA_FORMAT          ; Stamp                           ; --            ; --          ; eda_board_design_timing ;
; EDA_SIMULATION_TOOL             ; ModelSim (VHDL)                 ; <None>        ; --          ; --                      ;
; EDA_TIME_SCALE                  ; 1 ps                            ; --            ; --          ; eda_simulation          ;
; MAX_CORE_JUNCTION_TEMP          ; 85                              ; --            ; --          ; --                      ;
; MIN_CORE_JUNCTION_TEMP          ; 0                               ; --            ; --          ; --                      ;
; POWER_PRESET_COOLING_SOLUTION   ; No Heat Sink With Still Air     ; --            ; --          ; --                      ;
; PROJECT_OUTPUT_DIRECTORY        ; output_files                    ; --            ; --          ; --                      ;
+---------------------------------+---------------------------------+---------------+-------------+-------------------------+


+-------------------------------------------------------------------------------------------------------------------------------+
; Flow Elapsed Time                                                                                                             ;
+---------------------------+--------------+-------------------------+---------------------+------------------------------------+
; Module Name               ; Elapsed Time ; Average Processors Used ; Peak Virtual Memory ; Total CPU Time (on all processors) ;
+---------------------------+--------------+-------------------------+---------------------+------------------------------------+
; Analysis & Synthesis      ; 00:00:23     ; 1.0                     ; 627 MB              ; 00:00:47                           ;
; Fitter                    ; 00:00:09     ; 1.0                     ; 779 MB              ; 00:00:04                           ;
; Assembler                 ; 00:00:01     ; 1.0                     ; 531 MB              ; 00:00:01                           ;
; TimeQuest Timing Analyzer ; 00:00:02     ; 1.0                     ; 532 MB              ; 00:00:02                           ;
; EDA Netlist Writer        ; 00:00:01     ; 1.0                     ; 494 MB              ; 00:00:01                           ;
; Design Assistant          ; 00:00:03     ; 1.0                     ; 492 MB              ; 00:00:02                           ;
; Total                     ; 00:00:39     ; --                      ; --                  ; 00:00:57                           ;
+---------------------------+--------------+-------------------------+---------------------+------------------------------------+


+----------------------------------------------------------------------------------------+
; Flow OS Summary                                                                        ;
+---------------------------+------------------+-----------+------------+----------------+
; Module Name               ; Machine Hostname ; OS Name   ; OS Version ; Processor type ;
+---------------------------+------------------+-----------+------------+----------------+
; Analysis & Synthesis      ; Aristarchus      ; Windows 7 ; 6.1        ; x86_64         ;
; Fitter                    ; Aristarchus      ; Windows 7 ; 6.1        ; x86_64         ;
; Assembler                 ; Aristarchus      ; Windows 7 ; 6.1        ; x86_64         ;
; TimeQuest Timing Analyzer ; Aristarchus      ; Windows 7 ; 6.1        ; x86_64         ;
; EDA Netlist Writer        ; Aristarchus      ; Windows 7 ; 6.1        ; x86_64         ;
; Design Assistant          ; Aristarchus      ; Windows 7 ; 6.1        ; x86_64         ;
+---------------------------+------------------+-----------+------------+----------------+


------------
; Flow Log ;
------------
quartus_map --read_settings_files=on --write_settings_files=off IntegratorCLPD -c IntegratorCLPD
quartus_fit --read_settings_files=off --write_settings_files=off IntegratorCLPD -c IntegratorCLPD
quartus_asm --read_settings_files=off --write_settings_files=off IntegratorCLPD -c IntegratorCLPD
quartus_sta IntegratorCLPD -c IntegratorCLPD
quartus_eda --read_settings_files=off --write_settings_files=off IntegratorCLPD -c IntegratorCLPD
quartus_drc --read_settings_files=on --write_settings_files=off IntegratorCLPD -c IntegratorCLPD



